---
driver=<class 'textual.drivers.windows_driver.WindowsDriver'>
event monitor constructed
event monitor thread started
Mount() >>> FettBox(title='Fett Box')
Mount() >>> DockView(name='DockView#1')
Mount() >>> TopGrid(name='top_grid')
Mount() >>> TopGrid(name='top_grid')
Mount() >>> TimeModule(name='red_panel')
Mount() >>> TimeModule(name='red_panel')
Mount() >>> TimeModule(name='blue_panel')
Mount() >>> TimeModule(name='blue_panel')
Mount() >>> TimeModule(name='green_panel')
Mount() >>> TimeModule(name='green_panel')
Mount() >>> TimeModule(name='yellow_panel')
Mount() >>> TimeModule(name='yellow_panel')
Mount() >>> TimeModule(name='white_panel')
Mount() >>> TimeModule(name='white_panel')
Mount() >>> Stopwatch(name='red_stopwatch')
Mount() >>> Stopwatch(name='blue_stopwatch')
Mount() >>> Stopwatch(name='green_stopwatch')
Mount() >>> Stopwatch(name='yellow_stopwatch')
Mount() >>> Stopwatch(name='white_stopwatch')
view.forwarded Key(key='ctrl+@')
Key(key='ctrl+@') >>> FettBox(title='Fett Box')
view.forwarded Key(key='ctrl+@')
Key(key='ctrl+@') >>> FettBox(title='Fett Box')
view.forwarded Key(key='ctrl+@')
Key(key='ctrl+@') >>> FettBox(title='Fett Box')
view.forwarded Key(key='ctrl+c')
Key(key='ctrl+c') >>> FettBox(title='Fett Box')
ACTION FettBox(title='Fett Box') quit
event monitor thread finished
CLOSED FettBox(title='Fett Box')
PROCESS END
CLOSED Stopwatch(name='green_stopwatch')
CLOSED Stopwatch(name='yellow_stopwatch')
CLOSED TimeModule(name='blue_panel')
CLOSED LedButton(name='yellow_button')
CLOSED TimeModule(name='red_panel')
CLOSED TopGrid(name='top_grid')
CLOSED LedButton(name='white_button')
CLOSED DockView(name='DockView#1')
CLOSED TimeModule(name='white_panel')
CLOSED LedButton(name='blue_button')
CLOSED TimeModule(name='green_panel')
CLOSED LedButton(name='red_button')
CLOSED LedButton(name='green_button')
CLOSED TimeModule(name='yellow_panel')
CLOSED Stopwatch(name='white_stopwatch')
CLOSED Stopwatch(name='blue_stopwatch')
CLOSED Stopwatch(name='red_stopwatch')
